Comunio/app/build/outputs/logs/manifest-merger-release-report.txt
-- Merging decision tree log ---
manifest
ADDED from src\main\AndroidManifest.xml:2:1-101:12
	package
		ADDED from src\main\AndroidManifest.xml:3:5-41
		INJECTED from src\main\AndroidManifest.xml
		INJECTED from src\main\AndroidManifest.xml
	android:versionName
		INJECTED from src\main\AndroidManifest.xml
		INJECTED from src\main\AndroidManifest.xml
	xmlns:android
		ADDED from src\main\AndroidManifest.xml:2:11-69
	android:versionCode
		INJECTED from src\main\AndroidManifest.xml
		INJECTED from src\main\AndroidManifest.xml
uses-permission#android.permission.INTERNET
ADDED from src\main\AndroidManifest.xml:5:5-67
	android:name
		ADDED from src\main\AndroidManifest.xml:5:22-64
uses-permission#android.permission.VIBRATE
ADDED from src\main\AndroidManifest.xml:6:5-65
	android:name
		ADDED from src\main\AndroidManifest.xml:6:22-63
uses-permission#android.permission.CAMERA
ADDED from src\main\AndroidManifest.xml:7:5-65
	android:name
		ADDED from src\main\AndroidManifest.xml:7:22-62
uses-feature#android.hardware.camera
ADDED from src\main\AndroidManifest.xml:8:5-60
	android:name
		ADDED from src\main\AndroidManifest.xml:8:19-57
uses-feature#android.hardware.camera.autofocus
ADDED from src\main\AndroidManifest.xml:9:5-70
	android:name
		ADDED from src\main\AndroidManifest.xml:9:19-67
uses-permission#android.permission.WRITE_EXTERNAL_STORAGE
ADDED from src\main\AndroidManifest.xml:10:5-81
	android:name
		ADDED from src\main\AndroidManifest.xml:10:22-78
application
ADDED from src\main\AndroidManifest.xml:12:5-99:19
MERGED from [com.android.support:appcompat-v7:23.1.0] AndroidManifest.xml:22:5-20
MERGED from [com.android.support:support-v4:23.1.0] AndroidManifest.xml:22:5-20
MERGED from [com.android.support:support-v4:23.1.0] AndroidManifest.xml:22:5-20
MERGED from [com.android.support:appcompat-v7:23.1.0] AndroidManifest.xml:22:5-20
MERGED from [com.android.support:support-v4:23.1.0] AndroidManifest.xml:22:5-20
MERGED from [com.android.support:design:23.0.1] AndroidManifest.xml:22:5-20
MERGED from [com.android.support:support-v4:23.1.0] AndroidManifest.xml:22:5-20
MERGED from [com.android.support:appcompat-v7:23.1.0] AndroidManifest.xml:22:5-20
MERGED from [com.android.support:support-v4:23.1.0] AndroidManifest.xml:22:5-20
MERGED from [com.android.support:cardview-v7:23.0.1] AndroidManifest.xml:22:5-20
MERGED from [com.android.support:support-v4:23.1.0] AndroidManifest.xml:22:5-20
MERGED from [com.github.gabrielemariotti.cards:cardslib-core:2.1.0] AndroidManifest.xml:28:5-29:19
MERGED from [com.android.support:support-v4:23.1.0] AndroidManifest.xml:22:5-20
MERGED from [com.android.support:cardview-v7:23.0.1] AndroidManifest.xml:22:5-20
MERGED from [com.github.gabrielemariotti.cards:cardslib-cards:2.1.0] AndroidManifest.xml:28:5-29:19
MERGED from [com.github.gabrielemariotti.cards:cardslib-core:2.1.0] AndroidManifest.xml:28:5-29:19
MERGED from [com.android.support:support-v4:23.1.0] AndroidManifest.xml:22:5-20
MERGED from [com.android.support:cardview-v7:23.0.1] AndroidManifest.xml:22:5-20
MERGED from [com.github.gabrielemariotti.cards:cardslib-recyclerview:2.1.0] AndroidManifest.xml:28:5-29:19
MERGED from [com.android.support:support-v4:23.1.0] AndroidManifest.xml:22:5-20
MERGED from [com.github.gabrielemariotti.cards:cardslib-core:2.1.0] AndroidManifest.xml:28:5-29:19
MERGED from [com.android.support:support-v4:23.1.0] AndroidManifest.xml:22:5-20
MERGED from [com.android.support:cardview-v7:23.0.1] AndroidManifest.xml:22:5-20
MERGED from [com.github.gabrielemariotti.cards:cardslib-extra-staggeredgrid:2.1.0] AndroidManifest.xml:28:5-29:19
MERGED from [com.etsy.android.grid:library:1.0.5] AndroidManifest.xml:6:5-19
MERGED from [com.android.support:support-v4:23.1.0] AndroidManifest.xml:22:5-20
MERGED from [com.github.gabrielemariotti.cards:cardslib-core:2.1.0] AndroidManifest.xml:28:5-29:19
MERGED from [com.android.support:support-v4:23.1.0] AndroidManifest.xml:22:5-20
MERGED from [com.android.support:cardview-v7:23.0.1] AndroidManifest.xml:22:5-20
MERGED from [com.github.gabrielemariotti.cards:cardslib-extra-dragdrop:2.1.0] AndroidManifest.xml:28:5-29:19
MERGED from [com.github.gabrielemariotti.cards:cardslib-core:2.1.0] AndroidManifest.xml:28:5-29:19
MERGED from [com.android.support:support-v4:23.1.0] AndroidManifest.xml:22:5-20
MERGED from [com.android.support:cardview-v7:23.0.1] AndroidManifest.xml:22:5-20
MERGED from [com.jjoe64:graphview:4.0.1] AndroidManifest.xml:11:5-12:19
MERGED from [com.android.support:support-v4:23.1.0] AndroidManifest.xml:22:5-20
	android:label
		ADDED from src\main\AndroidManifest.xml:15:9-41
	android:supportsRtl
		ADDED from src\main\AndroidManifest.xml:17:9-35
	android:allowBackup
		ADDED from src\main\AndroidManifest.xml:13:9-35
	android:icon
		ADDED from src\main\AndroidManifest.xml:14:9-41
	android:largeHeap
		ADDED from src\main\AndroidManifest.xml:16:9-33
activity#com.example.grupo7.comunio.Activities.MainActivity
ADDED from src\main\AndroidManifest.xml:18:9-23:20
	android:screenOrientation
		ADDED from src\main\AndroidManifest.xml:19:13-49
	android:label
		ADDED from src\main\AndroidManifest.xml:21:13-45
	android:theme
		ADDED from src\main\AndroidManifest.xml:22:13-56
	android:name
		ADDED from src\main\AndroidManifest.xml:20:13-52
activity#com.example.grupo7.comunio.Activities.LoginActivity
ADDED from src\main\AndroidManifest.xml:24:9-34:20
	android:screenOrientation
		ADDED from src\main\AndroidManifest.xml:25:13-49
	android:label
		ADDED from src\main\AndroidManifest.xml:27:13-45
	android:theme
		ADDED from src\main\AndroidManifest.xml:28:13-44
	android:name
		ADDED from src\main\AndroidManifest.xml:26:13-53
intent-filter#android.intent.action.MAIN+android.intent.category.LAUNCHER
ADDED from src\main\AndroidManifest.xml:29:13-33:29
action#android.intent.action.MAIN
ADDED from src\main\AndroidManifest.xml:30:17-69
	android:name
		ADDED from src\main\AndroidManifest.xml:30:25-66
category#android.intent.category.LAUNCHER
ADDED from src\main\AndroidManifest.xml:32:17-77
	android:name
		ADDED from src\main\AndroidManifest.xml:32:27-74
activity#com.example.grupo7.comunio.Activities.SignupActivity
ADDED from src\main\AndroidManifest.xml:35:9-38:47
	android:screenOrientation
		ADDED from src\main\AndroidManifest.xml:36:13-49
	android:theme
		ADDED from src\main\AndroidManifest.xml:38:13-44
	android:name
		ADDED from src\main\AndroidManifest.xml:37:13-54
activity#com.example.grupo7.comunio.Activities.PoliticaPrivacidadActivity
ADDED from src\main\AndroidManifest.xml:39:9-48:20
	android:screenOrientation
		ADDED from src\main\AndroidManifest.xml:40:13-49
	android:label
		ADDED from src\main\AndroidManifest.xml:42:13-71
	android:parentActivityName
		ADDED from src\main\AndroidManifest.xml:43:13-66
	android:theme
		ADDED from src\main\AndroidManifest.xml:44:13-56
	android:name
		ADDED from src\main\AndroidManifest.xml:41:13-66
meta-data#android.support.PARENT_ACTIVITY
ADDED from src\main\AndroidManifest.xml:45:13-47:60
	android:value
		ADDED from src\main\AndroidManifest.xml:47:17-57
	android:name
		ADDED from src\main\AndroidManifest.xml:46:17-63
activity#com.example.grupo7.comunio.Activities.MiCuentaActivity
ADDED from src\main\AndroidManifest.xml:49:9-58:20
	android:screenOrientation
		ADDED from src\main\AndroidManifest.xml:50:13-49
	android:label
		ADDED from src\main\AndroidManifest.xml:52:13-61
	android:parentActivityName
		ADDED from src\main\AndroidManifest.xml:53:13-66
	android:theme
		ADDED from src\main\AndroidManifest.xml:54:13-56
	android:name
		ADDED from src\main\AndroidManifest.xml:51:13-56
activity#com.example.grupo7.comunio.Activities.EquipoActivity
ADDED from src\main\AndroidManifest.xml:59:9-68:20
	android:screenOrientation
		ADDED from src\main\AndroidManifest.xml:60:13-49
	android:label
		ADDED from src\main\AndroidManifest.xml:62:13-58
	android:parentActivityName
		ADDED from src\main\AndroidManifest.xml:63:13-66
	android:theme
		ADDED from src\main\AndroidManifest.xml:64:13-56
	android:name
		ADDED from src\main\AndroidManifest.xml:61:13-54
activity#com.example.grupo7.comunio.Activities.MercadoActivity
ADDED from src\main\AndroidManifest.xml:69:9-78:20
	android:screenOrientation
		ADDED from src\main\AndroidManifest.xml:70:13-49
	android:label
		ADDED from src\main\AndroidManifest.xml:72:13-59
	android:parentActivityName
		ADDED from src\main\AndroidManifest.xml:73:13-66
	android:theme
		ADDED from src\main\AndroidManifest.xml:74:13-56
	android:name
		ADDED from src\main\AndroidManifest.xml:71:13-55
activity#com.example.grupo7.comunio.Activities.LigaActivity
ADDED from src\main\AndroidManifest.xml:79:9-88:20
	android:screenOrientation
		ADDED from src\main\AndroidManifest.xml:80:13-49
	android:label
		ADDED from src\main\AndroidManifest.xml:82:13-56
	android:parentActivityName
		ADDED from src\main\AndroidManifest.xml:83:13-66
	android:theme
		ADDED from src\main\AndroidManifest.xml:84:13-56
	android:name
		ADDED from src\main\AndroidManifest.xml:81:13-52
activity#com.example.grupo7.comunio.Activities.ReglasActivity
ADDED from src\main\AndroidManifest.xml:89:9-98:20
	android:screenOrientation
		ADDED from src\main\AndroidManifest.xml:90:13-49
	android:label
		ADDED from src\main\AndroidManifest.xml:92:13-58
	android:parentActivityName
		ADDED from src\main\AndroidManifest.xml:93:13-66
	android:theme
		ADDED from src\main\AndroidManifest.xml:94:13-56
	android:name
		ADDED from src\main\AndroidManifest.xml:91:13-54
uses-sdk
INJECTED from src\main\AndroidManifest.xml reason: use-sdk injection requested
MERGED from [com.android.support:appcompat-v7:23.1.0] AndroidManifest.xml:20:5-43
MERGED from [com.android.support:support-v4:23.1.0] AndroidManifest.xml:20:5-43
MERGED from [com.android.support:support-v4:23.1.0] AndroidManifest.xml:20:5-43
MERGED from [com.android.support:appcompat-v7:23.1.0] AndroidManifest.xml:20:5-43
MERGED from [com.android.support:support-v4:23.1.0] AndroidManifest.xml:20:5-43
MERGED from [com.android.support:design:23.0.1] AndroidManifest.xml:20:5-43
MERGED from [com.android.support:support-v4:23.1.0] AndroidManifest.xml:20:5-43
MERGED from [com.android.support:appcompat-v7:23.1.0] AndroidManifest.xml:20:5-43
MERGED from [com.android.support:support-v4:23.1.0] AndroidManifest.xml:20:5-43
MERGED from [com.android.support:cardview-v7:23.0.1] AndroidManifest.xml:20:5-43
MERGED from [com.android.support:recyclerview-v7:23.0.1] AndroidManifest.xml:20:5-43
MERGED from [com.android.support:support-v4:23.1.0] AndroidManifest.xml:20:5-43
MERGED from [com.github.gabrielemariotti.cards:cardslib-core:2.1.0] AndroidManifest.xml:24:5-26:41
MERGED from [com.android.support:support-v4:23.1.0] AndroidManifest.xml:20:5-43
MERGED from [com.android.support:cardview-v7:23.0.1] AndroidManifest.xml:20:5-43
MERGED from [com.github.gabrielemariotti.cards:cardslib-cards:2.1.0] AndroidManifest.xml:24:5-26:41
MERGED from [com.github.gabrielemariotti.cards:cardslib-core:2.1.0] AndroidManifest.xml:24:5-26:41
MERGED from [com.android.support:support-v4:23.1.0] AndroidManifest.xml:20:5-43
MERGED from [com.android.support:cardview-v7:23.0.1] AndroidManifest.xml:20:5-43
MERGED from [com.github.gabrielemariotti.cards:cardslib-recyclerview:2.1.0] AndroidManifest.xml:24:5-26:41
MERGED from [com.android.support:recyclerview-v7:23.0.1] AndroidManifest.xml:20:5-43
MERGED from [com.android.support:support-v4:23.1.0] AndroidManifest.xml:20:5-43
MERGED from [com.github.gabrielemariotti.cards:cardslib-core:2.1.0] AndroidManifest.xml:24:5-26:41
MERGED from [com.android.support:support-v4:23.1.0] AndroidManifest.xml:20:5-43
MERGED from [com.android.support:cardview-v7:23.0.1] AndroidManifest.xml:20:5-43
MERGED from [com.github.gabrielemariotti.cards:cardslib-extra-staggeredgrid:2.1.0] AndroidManifest.xml:24:5-26:41
MERGED from [com.etsy.android.grid:library:1.0.5] AndroidManifest.xml:4:5-43
MERGED from [com.android.support:support-v4:23.1.0] AndroidManifest.xml:20:5-43
MERGED from [com.github.gabrielemariotti.cards:cardslib-core:2.1.0] AndroidManifest.xml:24:5-26:41
MERGED from [com.android.support:support-v4:23.1.0] AndroidManifest.xml:20:5-43
MERGED from [com.android.support:cardview-v7:23.0.1] AndroidManifest.xml:20:5-43
MERGED from [com.github.gabrielemariotti.cards:cardslib-extra-dragdrop:2.1.0] AndroidManifest.xml:24:5-26:41
MERGED from [com.github.gabrielemariotti.cards:cardslib-core:2.1.0] AndroidManifest.xml:24:5-26:41
MERGED from [com.android.support:support-v4:23.1.0] AndroidManifest.xml:20:5-43
MERGED from [com.android.support:cardview-v7:23.0.1] AndroidManifest.xml:20:5-43
MERGED from [com.jjoe64:graphview:4.0.1] AndroidManifest.xml:7:5-9:41
MERGED from [com.android.support:support-v4:23.1.0] AndroidManifest.xml:20:5-43
	android:targetSdkVersion
		INJECTED from src\main\AndroidManifest.xml
		INJECTED from src\main\AndroidManifest.xml
	android:minSdkVersion
		INJECTED from src\main\AndroidManifest.xml
		INJECTED from src\main\AndroidManifest.xml